[main] INFO  Example  - Url is Opened
[main] INFO  Example  - Entered Username
[main] INFO  Example  - Entered Password
[main] INFO  Example  - clicked login
[main] INFO  Example  - Testcase Passed
[main] INFO  Example  - Url is Opened
[main] INFO  Example  - Entered Username
[main] INFO  Example  - Entered Password
[main] INFO  Example  - clicked login
[main] INFO  Example  - Testcase Passed
[main] INFO  Example  - Url is Opened
[main] INFO  Example  - Entered Username
[main] INFO  Example  - Entered Password
[main] INFO  Example  - clicked login
[main] INFO  Example  - Testcase Passed
[main] INFO  Example  - Url is Opened
[main] INFO  Example  - Entered Username
[main] INFO  Example  - Entered Password
[main] INFO  Example  - clicked login
[main] INFO  Example  - Testcase Passed
[main] INFO  Example  - Url is Opened
[main] INFO  Example  - Entered Username
[main] INFO  Example  - Entered Password
[main] INFO  Example  - clicked login
[main] INFO  Example  - Testcase Passed
[main] INFO  Example  - Url is Opened
[main] INFO  Example  - Entered Username
[main] INFO  Example  - Entered Password
[main] INFO  Example  - clicked login
[main] INFO  Example  - Testcase Passed
[main] INFO  Example  - Url is Opened
[main] INFO  Example  - Entered Username
[main] INFO  Example  - Entered Password
[main] INFO  Example  - clicked login
[main] INFO  Example  - Testcase Passed
[main] INFO  Example  - Url is Opened
[main] INFO  Example  - Entered Username
[main] INFO  Example  - Entered Password
[main] INFO  Example  - clicked login
[main] INFO  Example  - Testcase Passed
[main] INFO  Example  - Url is Opened
[main] INFO  Example  - Entered Username
[main] INFO  Example  - Entered Password
[main] INFO  Example  - clicked login
[main] INFO  Example  - Testcase Passed
[main] INFO  Example  - Url is Opened
[main] INFO  Example  - Entered Username
[main] INFO  Example  - Entered Password
[main] INFO  Example  - clicked login
[main] INFO  Example  - Testcase Passed
[main] INFO  Example  - Url is Opened
[main] INFO  Example  - Entered Username
[main] INFO  Example  - Entered Password
[main] INFO  Example  - clicked login
[main] INFO  Example  - Testcase Passed
[main] INFO  Example  - Url is Opened
[main] INFO  Example  - Entered Username
[main] INFO  Example  - Entered Password
[main] INFO  Example  - clicked login
[main] INFO  Example  - Testcase Passed
[main] INFO  Example  - Url is Opened
[main] INFO  Example  - Entered Username
[main] INFO  Example  - Entered Password
[main] INFO  Example  - clicked login
[main] INFO  Example  - Testcase Passed
[main] INFO  Example  - Url is Opened
[main] INFO  Example  - Entered Username
[main] INFO  Example  - Entered Password
[main] INFO  Example  - clicked login
[main] INFO  Example  - Testcase Passed
[main] INFO  Example  - Url is Opened
[main] INFO  Example  - Entered Username
[main] INFO  Example  - Entered Password
[main] INFO  Example  - clicked login
[main] INFO  Example  - Testcase Passed
[main] INFO  Example  - Url is Opened
[main] INFO  Example  - Entered Username
[main] INFO  Example  - Entered Password
[main] INFO  Example  - clicked login
[main] INFO  Example  - Testcase Passed
[main] INFO  Example  - Url is Opened
[main] INFO  Example  - Entered Username
[main] INFO  Example  - Entered Password
[main] INFO  Example  - clicked login
[main] INFO  Example  - Testcase Passed
[main] INFO  Example  - Url is Opened
[main] INFO  Example  - Entered Username
[main] INFO  Example  - Entered Password
[main] INFO  Example  - clicked login
[main] INFO  Example  - Testcase Passed
[main] INFO  Example  - Url is Opened
[main] INFO  Example  - Entered Username
[main] INFO  Example  - Entered Password
[main] INFO  Example  - clicked login
[main] INFO  Example  - Testcase Passed
[main] INFO  Example  - Url is Opened
[main] INFO  Example  - Entered Username
[main] INFO  Example  - Entered Password
[main] INFO  Example  - clicked login
[main] INFO  Example  - Testcase Passed
[main] INFO  Example  - Url is Opened
[main] INFO  Example  - Entered Username
[main] INFO  Example  - Entered Password
[main] INFO  Example  - clicked login
[main] INFO  Example  - Testcase Passed
[main] INFO  Example  - Url is Opened
[main] INFO  Example  - Entered Username
[main] INFO  Example  - Entered Password
[main] INFO  Example  - clicked login
[main] INFO  Example  - Testcase Passed
